{
  "RSpec": {
    "coverage": {
      "/home/user/rails_projects/sample_app/config/environment.rb": [
        null,
        1,
        null,
        null,
        1
      ],
      "/home/user/rails_projects/sample_app/config/application.rb": [
        1,
        null,
        null,
        1,
        1,
        1,
        1,
        null,
        null,
        null,
        null,
        1,
        null,
        1,
        1,
        null,
        null,
        null,
        null,
        null,
        null,
        null,
        null,
        null,
        null,
        null,
        1,
        null,
        null
      ],
      "/home/user/rails_projects/sample_app/config/boot.rb": [
        null,
        1,
        null,
        1
      ],
      "/home/user/rails_projects/sample_app/config/environments/test.rb": [
        1,
        null,
        null,
        null,
        null,
        null,
        null,
        1,
        null,
        null,
        null,
        null,
        1,
        null,
        null,
        1,
        1,
        null,
        null,
        1,
        1,
        null,
        null,
        1,
        null,
        null,
        1,
        null,
        null,
        null,
        null,
        1,
        null,
        null,
        1,
        null,
        null,
        1,
        null
      ],
      "/home/user/rails_projects/sample_app/config/initializers/backtrace_silencers.rb": [
        null,
        null,
        null,
        null,
        null,
        null,
        null
      ],
      "/home/user/rails_projects/sample_app/config/initializers/filter_parameter_logging.rb": [
        null,
        null,
        null,
        1
      ],
      "/home/user/rails_projects/sample_app/config/initializers/inflections.rb": [
        null,
        null,
        null,
        null,
        null,
        null,
        null,
        null,
        null,
        null,
        null,
        null,
        null,
        null,
        null,
        null
      ],
      "/home/user/rails_projects/sample_app/config/initializers/mime_types.rb": [
        null,
        null,
        null,
        null,
        null
      ],
      "/home/user/rails_projects/sample_app/config/initializers/secret_token.rb": [
        null,
        null,
        null,
        null,
        null,
        null,
        null,
        null,
        null,
        null,
        null,
        1,
        null,
        1,
        1,
        1,
        null,
        1,
        null,
        null,
        0,
        0,
        0,
        null,
        null,
        null,
        1
      ],
      "/home/user/rails_projects/sample_app/config/initializers/session_store.rb": [
        null,
        null,
        1
      ],
      "/home/user/rails_projects/sample_app/config/initializers/wrap_parameters.rb": [
        null,
        null,
        null,
        null,
        null,
        null,
        1,
        1,
        null,
        null,
        null,
        null,
        null,
        null
      ],
      "/home/user/rails_projects/sample_app/spec/factories.rb": [
        1,
        1,
        153,
        150,
        1,
        1,
        null,
        1,
        1,
        null,
        null,
        null,
        1,
        1,
        1,
        null,
        null
      ],
      "/home/user/rails_projects/sample_app/config/routes.rb": [
        1,
        1,
        1,
        1,
        null,
        null,
        1,
        1,
        1,
        1,
        1,
        1,
        1,
        1,
        1,
        1,
        null,
        null,
        null,
        null,
        null,
        null,
        null,
        null,
        null,
        null,
        null,
        null,
        null,
        null,
        null,
        null,
        null,
        null,
        null,
        null,
        null,
        null,
        null,
        null,
        null,
        null,
        null,
        null,
        null,
        null,
        null,
        null,
        null,
        null,
        null,
        null,
        null,
        null,
        null,
        null,
        null,
        null,
        null,
        null,
        null,
        null,
        null,
        null,
        null,
        null,
        null,
        null,
        null,
        null,
        null
      ],
      "/home/user/rails_projects/sample_app/app/helpers/application_helper.rb": [
        1,
        null,
        null,
        1,
        261,
        261,
        34,
        null,
        227,
        null,
        null,
        null
      ],
      "/home/user/rails_projects/sample_app/app/helpers/microposts_helper.rb": [
        1,
        null,
        1,
        0,
        null,
        null,
        1,
        null,
        1,
        0,
        0,
        0,
        0,
        null,
        null
      ],
      "/home/user/rails_projects/sample_app/app/helpers/sessions_helper.rb": [
        1,
        null,
        1,
        56,
        56,
        56,
        56,
        null,
        null,
        1,
        57,
        null,
        null,
        1,
        1181,
        1181,
        null,
        null,
        1,
        166,
        null,
        null,
        1,
        70,
        11,
        11,
        null,
        null,
        null,
        1,
        472,
        null,
        null,
        1,
        1,
        null,
        1,
        1,
        null,
        null,
        1,
        52,
        52,
        null,
        null,
        1,
        11,
        null,
        null
      ],
      "/home/user/rails_projects/sample_app/app/helpers/static_pages_helper.rb": [
        1,
        null
      ],
      "/home/user/rails_projects/sample_app/app/helpers/users_helper.rb": [
        1,
        null,
        null,
        1,
        248,
        248,
        248,
        248,
        null,
        null
      ],
      "/home/user/rails_projects/sample_app/spec/support/utilities.rb": [
        1,
        null,
        1,
        60,
        null,
        9,
        9,
        9,
        null,
        51,
        51,
        51,
        51,
        null,
        null
      ],
      "/home/user/rails_projects/sample_app/app/controllers/relationships_controller.rb": [
        1,
        1,
        null,
        1,
        5,
        5,
        5,
        8,
        5,
        null,
        null,
        null,
        1,
        5,
        5,
        5,
        8,
        5,
        null,
        null,
        null
      ],
      "/home/user/rails_projects/sample_app/app/controllers/application_controller.rb": [
        1,
        null,
        null,
        1,
        1,
        null
      ],
      "/home/user/rails_projects/sample_app/spec/helpers/application_helper_spec.rb": [
        1,
        null,
        1,
        null,
        1,
        1,
        1,
        null,
        null,
        1,
        1,
        null,
        null,
        1,
        1,
        null,
        null,
        null
      ],
      "/home/user/rails_projects/sample_app/spec/models/micropost_spec.rb": [
        1,
        null,
        1,
        null,
        9,
        9,
        null,
        9,
        null,
        2,
        2,
        2,
        2,
        null,
        2,
        null,
        1,
        2,
        2,
        null,
        null,
        1,
        2,
        2,
        null,
        null,
        1,
        2,
        2,
        null,
        null
      ],
      "/home/user/rails_projects/sample_app/app/models/micropost.rb": [
        1,
        1,
        292,
        1,
        1,
        null
      ],
      "/home/user/rails_projects/sample_app/spec/models/relationship_spec.rb": [
        1,
        null,
        1,
        null,
        8,
        8,
        8,
        null,
        8,
        null,
        2,
        null,
        1,
        2,
        2,
        2,
        2,
        null,
        null,
        1,
        2,
        2,
        null,
        null,
        1,
        2,
        2,
        null,
        null
      ],
      "/home/user/rails_projects/sample_app/app/models/relationship.rb": [
        1,
        1,
        1,
        1,
        1,
        null
      ],
      "/home/user/rails_projects/sample_app/spec/models/user_spec.rb": [
        1,
        null,
        1,
        null,
        1,
        37,
        null,
        null,
        null,
        33,
        null,
        2,
        2,
        2,
        2,
        2,
        2,
        2,
        2,
        2,
        2,
        2,
        2,
        2,
        2,
        2,
        2,
        null,
        2,
        2,
        null,
        1,
        1,
        1,
        1,
        null,
        null,
        2,
        null,
        null,
        1,
        2,
        2,
        null,
        null,
        1,
        2,
        2,
        null,
        null,
        2,
        null,
        1,
        4,
        4,
        null,
        1,
        2,
        null,
        null,
        1,
        3,
        null,
        2,
        2,
        null,
        null,
        null,
        1,
        2,
        null,
        1,
        1,
        1,
        1,
        null,
        null,
        null,
        1,
        2,
        2,
        null,
        null,
        1,
        null,
        6,
        1,
        5,
        null,
        1,
        5,
        null,
        null,
        1,
        1,
        null,
        null,
        1,
        1,
        1,
        1,
        1,
        2,
        null,
        null,
        null,
        1,
        1,
        1,
        null,
        null,
        2,
        2,
        2,
        null,
        null,
        null,
        1,
        6,
        1,
        5,
        5,
        null,
        null,
        2,
        2,
        null,
        1,
        2,
        2,
        null,
        null,
        1,
        3,
        null,
        2,
        2,
        null,
        null,
        null
      ],
      "/home/user/rails_projects/sample_app/app/models/user.rb": [
        1,
        1,
        1,
        1,
        1,
        null,
        null,
        1,
        266,
        1,
        null,
        1,
        1,
        1,
        null,
        null,
        1,
        1,
        null,
        1,
        258,
        null,
        null,
        1,
        1439,
        null,
        null,
        1,
        null,
        20,
        null,
        null,
        1,
        14,
        null,
        null,
        1,
        23,
        null,
        null,
        1,
        7,
        null,
        null,
        1,
        null,
        1,
        192,
        null,
        null
      ],
      "/home/user/rails_projects/sample_app/spec/requests/authentication_pages_spec.rb": [
        1,
        null,
        1,
        null,
        19,
        null,
        1,
        3,
        null,
        2,
        2,
        null,
        null,
        1,
        11,
        null,
        1,
        4,
        null,
        2,
        2,
        null,
        1,
        2,
        2,
        null,
        null,
        null,
        1,
        8,
        8,
        null,
        2,
        2,
        2,
        2,
        2,
        2,
        null,
        1,
        2,
        2,
        null,
        null,
        null,
        null,
        1,
        null,
        1,
        8,
        null,
        1,
        3,
        null,
        2,
        2,
        null,
        null,
        1,
        1,
        1,
        1,
        1,
        1,
        null,
        null,
        1,
        null,
        1,
        1,
        null,
        null,
        null,
        null,
        1,
        null,
        1,
        2,
        2,
        null,
        null,
        1,
        2,
        2,
        null,
        null,
        1,
        2,
        2,
        null,
        null,
        1,
        2,
        2,
        null,
        null,
        1,
        2,
        2,
        null,
        null,
        null,
        1,
        null,
        1,
        2,
        2,
        null,
        null,
        1,
        2,
        2,
        null,
        null,
        null,
        1,
        1,
        2,
        2,
        null,
        null,
        1,
        2,
        2,
        null,
        null,
        null,
        null,
        1,
        4,
        4,
        4,
        null,
        1,
        3,
        2,
        2,
        null,
        null,
        1,
        2,
        2,
        null,
        null,
        null,
        1,
        2,
        2,
        null,
        2,
        null,
        1,
        2,
        2,
        null,
        null,
        null,
        null
      ],
      "/home/user/rails_projects/sample_app/spec/requests/micropost_pages_spec.rb": [
        1,
        null,
        1,
        null,
        4,
        null,
        7,
        7,
        null,
        1,
        6,
        null,
        1,
        null,
        1,
        2,
        null,
        null,
        1,
        2,
        2,
        null,
        null,
        null,
        1,
        null,
        4,
        1,
        2,
        null,
        null,
        1,
        null,
        1,
        2,
        2,
        null,
        1,
        1,
        null,
        null,
        1,
        1,
        1,
        1,
        null,
        1,
        1,
        null,
        null,
        null,
        null,
        null,
        null,
        1,
        2,
        null,
        1,
        2,
        null,
        1,
        2,
        null,
        null,
        null,
        null
      ],
      "/home/user/rails_projects/sample_app/spec/requests/static_pages_spec.rb": [
        1,
        null,
        1,
        null,
        12,
        null,
        1,
        8,
        8,
        null,
        null,
        1,
        7,
        2,
        2,
        null,
        1,
        2,
        null,
        1,
        4,
        1,
        3,
        3,
        3,
        3,
        null,
        null,
        1,
        1,
        2,
        null,
        null,
        null,
        1,
        3,
        1,
        2,
        2,
        null,
        null,
        2,
        2,
        null,
        null,
        null,
        null,
        1,
        3,
        null,
        2,
        2,
        null,
        1,
        null,
        null,
        1,
        3,
        null,
        2,
        2,
        null,
        1,
        null,
        null,
        1,
        3,
        null,
        2,
        2,
        null,
        1,
        null,
        null,
        1,
        1,
        1,
        1,
        1,
        1,
        1,
        1,
        1,
        1,
        1,
        1,
        1,
        null,
        null
      ],
      "/home/user/rails_projects/sample_app/spec/requests/user_pages_spec.rb": [
        1,
        null,
        1,
        null,
        36,
        null,
        1,
        1,
        10,
        10,
        10,
        10,
        null,
        null,
        2,
        2,
        null,
        1,
        null,
        32,
        2,
        null,
        2,
        null,
        1,
        1,
        30,
        null,
        null,
        null,
        null,
        1,
        null,
        2,
        null,
        1,
        5,
        1,
        4,
        4,
        null,
        null,
        2,
        1,
        1,
        1,
        null,
        null,
        2,
        1,
        1,
        1,
        null,
        null,
        null,
        null,
        null,
        1,
        1,
        3,
        null,
        null,
        null,
        null,
        1,
        12,
        12,
        12,
        null,
        12,
        null,
        2,
        2,
        null,
        1,
        2,
        2,
        2,
        null,
        null,
        1,
        7,
        7,
        null,
        1,
        4,
        null,
        1,
        1,
        1,
        null,
        null,
        null,
        1,
        1,
        1,
        null,
        null,
        null,
        1,
        2,
        2,
        null,
        null,
        null,
        1,
        1,
        3,
        3,
        null,
        null,
        1,
        1,
        1,
        null,
        null,
        null,
        1,
        1,
        1,
        null,
        null,
        null,
        1,
        2,
        2,
        null,
        null,
        null,
        null,
        null,
        1,
        null,
        13,
        null,
        13,
        null,
        1,
        1,
        2,
        null,
        null,
        1,
        8,
        null,
        2,
        2,
        2,
        2,
        2,
        2,
        2,
        null,
        null,
        null,
        1,
        1,
        4,
        4,
        4,
        4,
        null,
        null,
        1,
        2,
        null,
        null,
        1,
        4,
        2,
        null,
        2,
        2,
        2,
        null,
        null,
        null,
        null,
        1,
        10,
        1,
        9,
        9,
        null,
        null,
        1,
        2,
        2,
        2,
        null,
        null,
        1,
        6,
        6,
        1,
        5,
        5,
        5,
        5,
        5,
        null,
        null,
        2,
        2,
        2,
        2,
        2,
        null,
        null,
        1,
        1,
        null,
        1,
        null,
        1,
        1,
        1,
        null,
        2,
        null,
        null,
        null,
        1,
        7,
        7,
        7,
        null,
        1,
        1,
        3,
        3,
        null,
        null,
        2,
        2,
        2,
        null,
        null,
        1,
        1,
        3,
        3,
        null,
        null,
        2,
        2,
        2,
        null,
        null,
        null
      ],
      "/home/user/rails_projects/sample_app/app/controllers/users_controller.rb": [
        1,
        1,
        null,
        1,
        1,
        null,
        1,
        15,
        null,
        null,
        1,
        83,
        83,
        null,
        null,
        1,
        13,
        0,
        null,
        13,
        null,
        null,
        null,
        1,
        12,
        12,
        4,
        4,
        4,
        null,
        8,
        null,
        null,
        null,
        1,
        null,
        null,
        1,
        6,
        6,
        6,
        6,
        null,
        0,
        null,
        null,
        null,
        1,
        1,
        1,
        1,
        null,
        null,
        1,
        3,
        3,
        3,
        3,
        null,
        null,
        1,
        3,
        3,
        3,
        3,
        null,
        null,
        1,
        null,
        1,
        18,
        null,
        null,
        null,
        1,
        19,
        19,
        null,
        null,
        1,
        2,
        null,
        null
      ],
      "/home/user/rails_projects/sample_app/app/controllers/sessions_controller.rb": [
        1,
        null,
        1,
        null,
        null,
        null,
        null,
        null,
        1,
        55,
        55,
        52,
        52,
        null,
        3,
        3,
        null,
        null,
        null,
        1,
        1,
        1,
        null,
        null
      ],
      "/home/user/rails_projects/sample_app/app/controllers/static_pages_controller.rb": [
        1,
        1,
        29,
        16,
        16,
        null,
        null,
        null,
        1,
        null,
        null,
        1,
        null,
        null,
        1,
        null,
        null
      ],
      "/home/user/rails_projects/sample_app/app/controllers/microposts_controller.rb": [
        1,
        1,
        1,
        null,
        1,
        6,
        6,
        4,
        4,
        null,
        2,
        2,
        null,
        null,
        null,
        1,
        1,
        1,
        null,
        null,
        1,
        null,
        1,
        6,
        null,
        null,
        1,
        1,
        1,
        null,
        null
      ]
    },
    "timestamp": 1450697431
  }
}
